Arguments: 
  C:\Program Files\nodejs\node.exe C:\Program Files (x86)\Yarn\bin\yarn.js dev

PATH: 
  C:\ProgramData\Oracle\Java\javapath;C:\Windows\system32;C:\Windows;C:\Windows\System32\Wbem;C:\Windows\System32\WindowsPowerShell\v1.0\;C:\Program Files\Git\cmd;C:\Program Files (x86)\Yarn\bin\;C:\Program Files\nodejs\;C:\Users\barna\AppData\Local\Microsoft\WindowsApps;C:\Users\barna\AppData\Local\Yarn\bin;C:\Users\barna\AppData\Roaming\npm;C:\Program Files\Microsoft VS Code\bin

Yarn version: 
  1.5.1

Node version: 
  9.8.0

Platform: 
  win32 x64

npm manifest: 
  {
    "name": "first-project-vue",
    "version": "1.0.0",
    "description": "projj",
    "main": "index.js",
    "author": "vladut",
    "license": "MIT",
    "devDependencies": {
      "autoprefixer": "^8.2.0",
      "bootstrap": "^4.0.0",
      "css-loader": "^0.28.11",
      "jquery": "^3.3.1",
      "node-sass": "^4.8.3",
      "popper.js": "^1.14.1",
      "postcss-loader": "^2.1.3",
      "precss": "^3.1.2",
      "sass-loader": "^6.0.7",
      "style-loader": "^0.20.3",
      "vue": "^2.5.13",
      "webpack": "^4.0.0",
      "webpack-cli": "^2.0.9"
    },
    "scripts": {
      "dev": "webpack --mode development"
    }
  }

yarn manifest: 
  No manifest

Lockfile: 
  No lockfile

Trace: 
  Error: Command failed.
  Exit code: 2
  Command: C:\Windows\system32\cmd.exe
  Arguments: /d /s /c webpack --mode development
  Directory: C:\Users\barna\Documents\UEO\Anul II\Semestrul II\Web Design\monster-attack
  Output:
  
      at ProcessTermError.MessageError (C:\Program Files (x86)\Yarn\lib\cli.js:186:110)
      at new ProcessTermError (C:\Program Files (x86)\Yarn\lib\cli.js:226:113)
      at ChildProcess.<anonymous> (C:\Program Files (x86)\Yarn\lib\cli.js:30281:17)
      at ChildProcess.emit (events.js:180:13)
      at maybeClose (internal/child_process.js:936:16)
      at Process.ChildProcess._handle.onexit (internal/child_process.js:220:5)
